Build started 03/10/2010 22:56:25.
Project "C:\Documents and Settings\Administrator\My Documents\Visual Studio 2010\Projects\wormhole\warp\win\warp\warp.vcxproj" on node 2 (build target(s)).
InitializeBuildStatus:
  Touching "Release\warp.unsuccessfulbuild".
ClCompile:
  C:\Program Files\Microsoft Visual Studio 10.0\VC\bin\CL.exe /c /I../../ /I. /Zi /nologo /W3 /WX- /O2 /Oi /Oy- /GL /D _MBCS /Gm- /EHsc /MD /GS /Gy /fp:precise /Zc:wchar_t /Zc:forScope /Fo"Release\\" /Fd"Release\vc100.pdb" /Gd /TP /analyze- /errorReport:prompt ..\..\Exit.cpp main.cpp
  Exit.cpp
  main.cpp
Link:
  C:\Program Files\Microsoft Visual Studio 10.0\VC\bin\link.exe /ERRORREPORT:PROMPT /OUT:"C:\Documents and Settings\Administrator\My Documents\Visual Studio 2010\Projects\wormhole\warp\win\Release\warp.exe" /NOLOGO ws2_32.lib kernel32.lib user32.lib gdi32.lib winspool.lib comdlg32.lib advapi32.lib shell32.lib ole32.lib oleaut32.lib uuid.lib odbc32.lib odbccp32.lib kernel32.lib user32.lib gdi32.lib winspool.lib comdlg32.lib advapi32.lib shell32.lib ole32.lib oleaut32.lib uuid.lib odbc32.lib odbccp32.lib /MANIFEST /ManifestFile:"Release\warp.exe.intermediate.manifest" /MANIFESTUAC:"level='asInvoker' uiAccess='false'" /DEBUG /PDB:"C:\Documents and Settings\Administrator\My Documents\Visual Studio 2010\Projects\wormhole\warp\win\Release\warp.pdb" /OPT:REF /OPT:ICF /LTCG /TLBID:1 /DYNAMICBASE /NXCOMPAT /IMPLIB:"C:\Documents and Settings\Administrator\My Documents\Visual Studio 2010\Projects\wormhole\warp\win\Release\warp.lib" /MACHINE:X86 Release\Exit.obj
  Release\main.obj
  Generating code
  Finished generating code
  warp.vcxproj -> C:\Documents and Settings\Administrator\My Documents\Visual Studio 2010\Projects\wormhole\warp\win\Release\warp.exe
Manifest:
  C:\Program Files\Microsoft SDKs\Windows\v7.0A\bin\mt.exe /nologo /verbose /outputresource:"C:\Documents and Settings\Administrator\My Documents\Visual Studio 2010\Projects\wormhole\warp\win\Release\warp.exe;#1" /manifest Release\warp.exe.intermediate.manifest
FinalizeBuildStatus:
  Deleting file "Release\warp.unsuccessfulbuild".
  Touching "Release\warp.lastbuildstate".
Done Building Project "C:\Documents and Settings\Administrator\My Documents\Visual Studio 2010\Projects\wormhole\warp\win\warp\warp.vcxproj" (build target(s)).

Build succeeded.

Time Elapsed 00:00:03.50
