C:\WARP\SRC\WIN\EXT\ZEROMQ-2.0.10\BUILDS\MSVC\LIBZMQ\RELEASE\APP_THREAD.OBJ
C:\warp\src\win\ext\zeromq-2.0.10\builds\msvc\libzmq\Release\cl.command.1.tlog
C:\warp\src\win\ext\zeromq-2.0.10\builds\msvc\libzmq\Release\CL.read.1.tlog
C:\warp\src\win\ext\zeromq-2.0.10\builds\msvc\libzmq\Release\CL.write.1.tlog
C:\WARP\SRC\WIN\EXT\ZEROMQ-2.0.10\BUILDS\MSVC\LIBZMQ\RELEASE\COMMAND.OBJ
C:\WARP\SRC\WIN\EXT\ZEROMQ-2.0.10\BUILDS\MSVC\LIBZMQ\RELEASE\CTX.OBJ
C:\WARP\SRC\WIN\EXT\ZEROMQ-2.0.10\BUILDS\MSVC\LIBZMQ\RELEASE\DEVPOLL.OBJ
C:\WARP\SRC\WIN\EXT\ZEROMQ-2.0.10\BUILDS\MSVC\LIBZMQ\RELEASE\EPOLL.OBJ
C:\WARP\SRC\WIN\EXT\ZEROMQ-2.0.10\BUILDS\MSVC\LIBZMQ\RELEASE\ERR.OBJ
C:\WARP\SRC\WIN\EXT\ZEROMQ-2.0.10\BUILDS\MSVC\LIBZMQ\RELEASE\FORWARDER.OBJ
C:\WARP\SRC\WIN\EXT\ZEROMQ-2.0.10\BUILDS\MSVC\LIBZMQ\RELEASE\FQ.OBJ
C:\WARP\SRC\WIN\EXT\ZEROMQ-2.0.10\BUILDS\MSVC\LIBZMQ\RELEASE\IO_OBJECT.OBJ
C:\WARP\SRC\WIN\EXT\ZEROMQ-2.0.10\BUILDS\MSVC\LIBZMQ\RELEASE\IO_THREAD.OBJ
C:\WARP\SRC\WIN\EXT\ZEROMQ-2.0.10\BUILDS\MSVC\LIBZMQ\RELEASE\IP.OBJ
C:\WARP\SRC\WIN\EXT\ZEROMQ-2.0.10\BUILDS\MSVC\LIBZMQ\RELEASE\KQUEUE.OBJ
C:\WARP\SRC\WIN\EXT\ZEROMQ-2.0.10\BUILDS\MSVC\LIBZMQ\RELEASE\LB.OBJ
C:\warp\src\win\ext\zeromq-2.0.10\builds\msvc\libzmq\Release\lib.command.1.tlog
C:\warp\src\win\ext\zeromq-2.0.10\builds\msvc\libzmq\Release\Lib-link.read.1.tlog
C:\warp\src\win\ext\zeromq-2.0.10\builds\msvc\libzmq\Release\Lib-link.write.1.tlog
C:\WARP\SRC\WIN\EXT\ZEROMQ-2.0.10\BUILDS\MSVC\LIBZMQ\RELEASE\MSG_STORE.OBJ
C:\WARP\SRC\WIN\EXT\ZEROMQ-2.0.10\BUILDS\MSVC\LIBZMQ\RELEASE\OBJECT.OBJ
C:\WARP\SRC\WIN\EXT\ZEROMQ-2.0.10\BUILDS\MSVC\LIBZMQ\RELEASE\OPTIONS.OBJ
C:\WARP\SRC\WIN\EXT\ZEROMQ-2.0.10\BUILDS\MSVC\LIBZMQ\RELEASE\OWNED.OBJ
C:\WARP\SRC\WIN\EXT\ZEROMQ-2.0.10\BUILDS\MSVC\LIBZMQ\RELEASE\PAIR.OBJ
C:\WARP\SRC\WIN\EXT\ZEROMQ-2.0.10\BUILDS\MSVC\LIBZMQ\RELEASE\PGM_RECEIVER.OBJ
C:\WARP\SRC\WIN\EXT\ZEROMQ-2.0.10\BUILDS\MSVC\LIBZMQ\RELEASE\PGM_SENDER.OBJ
C:\WARP\SRC\WIN\EXT\ZEROMQ-2.0.10\BUILDS\MSVC\LIBZMQ\RELEASE\PGM_SOCKET.OBJ
C:\WARP\SRC\WIN\EXT\ZEROMQ-2.0.10\BUILDS\MSVC\LIBZMQ\RELEASE\PIPE.OBJ
C:\WARP\SRC\WIN\EXT\ZEROMQ-2.0.10\BUILDS\MSVC\LIBZMQ\RELEASE\POLL.OBJ
C:\WARP\SRC\WIN\EXT\ZEROMQ-2.0.10\BUILDS\MSVC\LIBZMQ\RELEASE\PREFIX_TREE.OBJ
C:\WARP\SRC\WIN\EXT\ZEROMQ-2.0.10\BUILDS\MSVC\LIBZMQ\RELEASE\PUB.OBJ
C:\WARP\SRC\WIN\EXT\ZEROMQ-2.0.10\BUILDS\MSVC\LIBZMQ\RELEASE\PULL.OBJ
C:\WARP\SRC\WIN\EXT\ZEROMQ-2.0.10\BUILDS\MSVC\LIBZMQ\RELEASE\PUSH.OBJ
C:\WARP\SRC\WIN\EXT\ZEROMQ-2.0.10\BUILDS\MSVC\LIBZMQ\RELEASE\QUEUE.OBJ
C:\WARP\SRC\WIN\EXT\ZEROMQ-2.0.10\BUILDS\MSVC\LIBZMQ\RELEASE\REP.OBJ
C:\WARP\SRC\WIN\EXT\ZEROMQ-2.0.10\BUILDS\MSVC\LIBZMQ\RELEASE\REQ.OBJ
C:\WARP\SRC\WIN\EXT\ZEROMQ-2.0.10\BUILDS\MSVC\LIBZMQ\RELEASE\SELECT.OBJ
C:\WARP\SRC\WIN\EXT\ZEROMQ-2.0.10\BUILDS\MSVC\LIBZMQ\RELEASE\SESSION.OBJ
C:\WARP\SRC\WIN\EXT\ZEROMQ-2.0.10\BUILDS\MSVC\LIBZMQ\RELEASE\SIGNALER.OBJ
C:\WARP\SRC\WIN\EXT\ZEROMQ-2.0.10\BUILDS\MSVC\LIBZMQ\RELEASE\SOCKET_BASE.OBJ
C:\WARP\SRC\WIN\EXT\ZEROMQ-2.0.10\BUILDS\MSVC\LIBZMQ\RELEASE\STREAMER.OBJ
C:\WARP\SRC\WIN\EXT\ZEROMQ-2.0.10\BUILDS\MSVC\LIBZMQ\RELEASE\SUB.OBJ
C:\WARP\SRC\WIN\EXT\ZEROMQ-2.0.10\BUILDS\MSVC\LIBZMQ\RELEASE\TCP_CONNECTER.OBJ
C:\WARP\SRC\WIN\EXT\ZEROMQ-2.0.10\BUILDS\MSVC\LIBZMQ\RELEASE\TCP_LISTENER.OBJ
C:\WARP\SRC\WIN\EXT\ZEROMQ-2.0.10\BUILDS\MSVC\LIBZMQ\RELEASE\TCP_SOCKET.OBJ
C:\WARP\SRC\WIN\EXT\ZEROMQ-2.0.10\BUILDS\MSVC\LIBZMQ\RELEASE\THREAD.OBJ
C:\WARP\SRC\WIN\EXT\ZEROMQ-2.0.10\BUILDS\MSVC\LIBZMQ\RELEASE\UUID.OBJ
C:\WARP\SRC\WIN\EXT\ZEROMQ-2.0.10\BUILDS\MSVC\LIBZMQ\RELEASE\VC100.PDB
C:\WARP\SRC\WIN\EXT\ZEROMQ-2.0.10\BUILDS\MSVC\LIBZMQ\RELEASE\XREP.OBJ
C:\WARP\SRC\WIN\EXT\ZEROMQ-2.0.10\BUILDS\MSVC\LIBZMQ\RELEASE\XREQ.OBJ
C:\WARP\SRC\WIN\EXT\ZEROMQ-2.0.10\BUILDS\MSVC\LIBZMQ\RELEASE\ZMQ.OBJ
C:\WARP\SRC\WIN\EXT\ZEROMQ-2.0.10\BUILDS\MSVC\LIBZMQ\RELEASE\ZMQ_CONNECTER.OBJ
C:\WARP\SRC\WIN\EXT\ZEROMQ-2.0.10\BUILDS\MSVC\LIBZMQ\RELEASE\ZMQ_DECODER.OBJ
C:\WARP\SRC\WIN\EXT\ZEROMQ-2.0.10\BUILDS\MSVC\LIBZMQ\RELEASE\ZMQ_ENCODER.OBJ
C:\WARP\SRC\WIN\EXT\ZEROMQ-2.0.10\BUILDS\MSVC\LIBZMQ\RELEASE\ZMQ_ENGINE.OBJ
C:\WARP\SRC\WIN\EXT\ZEROMQ-2.0.10\BUILDS\MSVC\LIBZMQ\RELEASE\ZMQ_INIT.OBJ
C:\WARP\SRC\WIN\EXT\ZEROMQ-2.0.10\BUILDS\MSVC\LIBZMQ\RELEASE\ZMQ_LISTENER.OBJ
C:\WARP\SRC\WIN\EXT\ZEROMQ-2.0.10\BUILDS\MSVC\RELEASE\LIBZMQ.LIB
