Build started 23/12/2010 16:04:10.
     1>Project "C:\Users\nick.kostelnik\Desktop\zeromq-2.0.10\builds\msvc\zmq_queue\zmq_queue.vcxproj" on node 2 (build target(s)).
     1>InitializeBuildStatus:
         Creating "Debug\zmq_queue.unsuccessfulbuild" because "AlwaysCreate" was specified.
       ClCompile:
         C:\Program Files (x86)\Microsoft Visual Studio 10.0\VC\bin\CL.exe /c /I../../../bindings/c /I../../../bindings/cpp /ZI /nologo /W3 /WX- /Od /Oy- /D _MBCS /Gm /EHsc /RTC1 /MDd /GS /fp:precise /Zc:wchar_t /Zc:forScope /Fo"Debug\\" /Fd"Debug\vc100.pdb" /Gd /TP /analyze- /errorReport:prompt ..\..\..\devices\zmq_queue\zmq_queue.cpp
         zmq_queue.cpp
     1>C:\Program Files (x86)\MSBuild\Microsoft.Cpp\v4.0\Microsoft.CppBuild.targets(990,5): warning MSB8012: TargetPath(C:\Users\nick.kostelnik\Desktop\zeromq-2.0.10\builds\msvc\Debug\zmq_queue.exe) does not match the Linker's OutputFile property value (C:\Users\nick.kostelnik\Desktop\zeromq-2.0.10\bin\zmq_queue.exe). This may cause your project to build incorrectly. To correct this, please make sure that $(OutDir), $(TargetName) and $(TargetExt) property values match the value specified in %(Link.OutputFile).
       Link:
         C:\Program Files (x86)\Microsoft Visual Studio 10.0\VC\bin\link.exe /ERRORREPORT:PROMPT /OUT:"../../../bin/zmq_queue.exe" /NOLOGO kernel32.lib user32.lib gdi32.lib winspool.lib comdlg32.lib advapi32.lib shell32.lib ole32.lib oleaut32.lib uuid.lib odbc32.lib odbccp32.lib /MANIFEST /ManifestFile:"Debug\zmq_queue.exe.intermediate.manifest" /MANIFESTUAC:"level='asInvoker' uiAccess='false'" /DEBUG /PDB:"C:\Users\nick.kostelnik\Desktop\zeromq-2.0.10\builds\msvc\Debug\zmq_queue.pdb" /TLBID:1 /DYNAMICBASE /NXCOMPAT /IMPLIB:"C:\Users\nick.kostelnik\Desktop\zeromq-2.0.10\builds\msvc\Debug\zmq_queue.lib" /MACHINE:X86 Debug\zmq_queue.obj
         "C:\Users\nick.kostelnik\Desktop\zeromq-2.0.10\builds\msvc\Debug\libzmq.lib"
         zmq_queue.vcxproj -> C:\Users\nick.kostelnik\Desktop\zeromq-2.0.10\builds\msvc\Debug\zmq_queue.exe
       Manifest:
         C:\Program Files (x86)\Microsoft SDKs\Windows\v7.0A\bin\mt.exe /nologo /verbose /outputresource:"../../../bin/zmq_queue.exe;#1" /manifest Debug\zmq_queue.exe.intermediate.manifest
       FinalizeBuildStatus:
         Deleting file "Debug\zmq_queue.unsuccessfulbuild".
         Touching "Debug\zmq_queue.lastbuildstate".
     1>Done Building Project "C:\Users\nick.kostelnik\Desktop\zeromq-2.0.10\builds\msvc\zmq_queue\zmq_queue.vcxproj" (build target(s)).

Build succeeded.

Time Elapsed 00:00:01.73
